2026.01.26 14:24:50 INFO  Started: Metals version 1.6.5 in folders 'C:\Users\Anh\Desktop\HoidanIT\Java backend\2.1 Java MVC - code\01-java-spring-laptopshop-starter' for client Visual Studio Code 1.107.0.
2026.01.26 14:24:50 INFO  Memory monitor started
2026.01.26 14:24:50 WARN  Using H2 2.4.240 which is newer than the version Flyway has been verified with. The latest verified version of H2 is 2.3.232.
2026.01.26 14:24:50 INFO  no build target found for C:\Users\Anh\Desktop\HoidanIT\Java backend\2.1 Java MVC - code\01-java-spring-laptopshop-starter\src\main\java\vn\hoidanit\laptopshop\LaptopshopApplication.java. Using fallback presentation compiler.
Jan 26, 2026 2:24:51 PM org.eclipse.lsp4j.jsonrpc.RemoteEndpoint handleCancellation
WARNING: Unmatched cancel notification for request id 1
Jan 26, 2026 2:24:51 PM org.eclipse.lsp4j.jsonrpc.RemoteEndpoint handleCancellation
WARNING: Unmatched cancel notification for request id 4
Jan 26, 2026 2:24:51 PM org.eclipse.lsp4j.jsonrpc.RemoteEndpoint handleCancellation
WARNING: Unmatched cancel notification for request id 2
2026.01.26 14:24:53 INFO  restarted 1 presentation compiler
2026.01.26 14:24:54 WARN  no build target for: C:\Users\Anh\Desktop\HoidanIT\Java backend\2.1 Java MVC - code\01-java-spring-laptopshop-starter\src\main\java\vn\hoidanit\laptopshop\LaptopshopApplication.java
2026.01.26 14:24:54 INFO  no build target found for C:\Users\Anh\Desktop\HoidanIT\Java backend\2.1 Java MVC - code\01-java-spring-laptopshop-starter\src\main\java\vn\hoidanit\laptopshop\LaptopshopApplication.java. Using fallback presentation compiler.
Jan 26, 2026 2:24:54 PM org.eclipse.lsp4j.jsonrpc.RemoteEndpoint handleCancellation
WARNING: Unmatched cancel notification for request id 6
2026.01.26 14:25:07 WARN  no build target for: C:\Users\Anh\Desktop\HoidanIT\Java backend\2.1 Java MVC - code\01-java-spring-laptopshop-starter\src\main\java\vn\hoidanit\laptopshop\LaptopshopApplication.java
2026.01.26 14:25:07 INFO  no build target found for C:\Users\Anh\Desktop\HoidanIT\Java backend\2.1 Java MVC - code\01-java-spring-laptopshop-starter\src\main\java\vn\hoidanit\laptopshop\LaptopshopApplication.java. Using fallback presentation compiler.
2026.01.26 14:25:07 INFO  no build target found for C:\Users\Anh\Desktop\HoidanIT\Java backend\2.1 Java MVC - code\01-java-spring-laptopshop-starter\src\main\java\vn\hoidanit\laptopshop\LaptopshopApplication.java. Using fallback presentation compiler.
2026.01.26 14:25:07 INFO  no build target found for C:\Users\Anh\Desktop\HoidanIT\Java backend\2.1 Java MVC - code\01-java-spring-laptopshop-starter\src\main\java\vn\hoidanit\laptopshop\LaptopshopApplication.java. Using fallback presentation compiler.
2026.01.26 14:26:42 WARN  no build target for: C:\Users\Anh\Desktop\HoidanIT\Java backend\2.1 Java MVC - code\01-java-spring-laptopshop-starter\src\main\java\vn\hoidanit\laptopshop\LaptopshopApplication.java
2026.01.26 14:26:42 INFO  no build target found for C:\Users\Anh\Desktop\HoidanIT\Java backend\2.1 Java MVC - code\01-java-spring-laptopshop-starter\src\main\java\vn\hoidanit\laptopshop\LaptopshopApplication.java. Using fallback presentation compiler.
2026.01.26 14:26:59 WARN  no build target for: C:\Users\Anh\Desktop\HoidanIT\Java backend\2.1 Java MVC - code\01-java-spring-laptopshop-starter\src\main\java\vn\hoidanit\laptopshop\LaptopshopApplication.java
2026.01.26 14:26:59 INFO  no build target found for C:\Users\Anh\Desktop\HoidanIT\Java backend\2.1 Java MVC - code\01-java-spring-laptopshop-starter\src\main\java\vn\hoidanit\laptopshop\LaptopshopApplication.java. Using fallback presentation compiler.
2026.01.26 14:26:59 INFO  no build target found for C:\Users\Anh\Desktop\HoidanIT\Java backend\2.1 Java MVC - code\01-java-spring-laptopshop-starter\src\main\java\vn\hoidanit\laptopshop\LaptopshopApplication.java. Using fallback presentation compiler.
2026.01.26 14:26:59 INFO  no build target found for C:\Users\Anh\Desktop\HoidanIT\Java backend\2.1 Java MVC - code\01-java-spring-laptopshop-starter\src\main\java\vn\hoidanit\laptopshop\LaptopshopApplication.java. Using fallback presentation compiler.
2026.01.26 14:27:14 INFO  Shutting down server
2026.01.26 14:27:14 INFO  Memory monitor stopped
2026.01.26 14:27:14 INFO  shutting down Metals
2026.01.26 14:27:14 INFO  Exiting server
2026.01.26 14:27:14 ERROR Unexpected error initializing server: 
org.eclipse.lsp4j.jsonrpc.ResponseErrorException: Request window/showMessageRequest failed with message: Canceled
	at org.eclipse.lsp4j.jsonrpc.RemoteEndpoint.handleResponse(RemoteEndpoint.java:220)
	at org.eclipse.lsp4j.jsonrpc.RemoteEndpoint.consume(RemoteEndpoint.java:204)
	at org.eclipse.lsp4j.jsonrpc.json.StreamMessageProducer.handleMessage(StreamMessageProducer.java:185)
	at org.eclipse.lsp4j.jsonrpc.json.StreamMessageProducer.listen(StreamMessageProducer.java:97)
	at org.eclipse.lsp4j.jsonrpc.json.ConcurrentMessageProcessor.run(ConcurrentMessageProcessor.java:114)
	at java.util.concurrent.Executors$RunnableAdapter.call(Executors.java:572)
	at java.util.concurrent.FutureTask.run(FutureTask.java:317)
	at java.util.concurrent.ThreadPoolExecutor.runWorker(ThreadPoolExecutor.java:1144)
	at java.util.concurrent.ThreadPoolExecutor$Worker.run(ThreadPoolExecutor.java:642)
	at java.lang.Thread.run(Thread.java:1575)

